2016-04-12 20:08:24	Connection: opening to email-smtp.us-west-2.amazonaws.com:25, timeout=30, options=array (
                   	                  )
2016-04-12 20:08:24	Connection: opened
2016-04-12 20:08:24	SMTP -> get_lines(): $data is ""
2016-04-12 20:08:24	SMTP -> get_lines(): $str is  "220 email-smtp.amazonaws.com ESMTP SimpleEmailService-1383310303 ZPodrthP9puvaEdIYQln
                   	                  "
2016-04-12 20:08:24	SERVER -> CLIENT: 220 email-smtp.amazonaws.com ESMTP SimpleEmailService-1383310303 ZPodrthP9puvaEdIYQln
2016-04-12 20:08:24	CLIENT -> SERVER: EHLO profiles.burningflipside.com
2016-04-12 20:08:24	SMTP -> get_lines(): $data is ""
2016-04-12 20:08:24	SMTP -> get_lines(): $str is  "250-email-smtp.amazonaws.com
                   	                  "
2016-04-12 20:08:24	SMTP -> get_lines(): $data is "250-email-smtp.amazonaws.com
                   	                  "
2016-04-12 20:08:24	SMTP -> get_lines(): $str is  "250-8BITMIME
                   	                  "
2016-04-12 20:08:24	SMTP -> get_lines(): $data is "250-email-smtp.amazonaws.com
                   	                  250-8BITMIME
                   	                  "
2016-04-12 20:08:24	SMTP -> get_lines(): $str is  "250-SIZE 10485760
                   	                  "
2016-04-12 20:08:24	SMTP -> get_lines(): $data is "250-email-smtp.amazonaws.com
                   	                  250-8BITMIME
                   	                  250-SIZE 10485760
                   	                  "
2016-04-12 20:08:24	SMTP -> get_lines(): $str is  "250-STARTTLS
                   	                  "
2016-04-12 20:08:24	SMTP -> get_lines(): $data is "250-email-smtp.amazonaws.com
                   	                  250-8BITMIME
                   	                  250-SIZE 10485760
                   	                  250-STARTTLS
                   	                  "
2016-04-12 20:08:24	SMTP -> get_lines(): $str is  "250-AUTH PLAIN LOGIN
                   	                  "
2016-04-12 20:08:24	SMTP -> get_lines(): $data is "250-email-smtp.amazonaws.com
                   	                  250-8BITMIME
                   	                  250-SIZE 10485760
                   	                  250-STARTTLS
                   	                  250-AUTH PLAIN LOGIN
                   	                  "
2016-04-12 20:08:24	SMTP -> get_lines(): $str is  "250 Ok
                   	                  "
2016-04-12 20:08:24	SERVER -> CLIENT: 250-email-smtp.amazonaws.com
                   	                  250-8BITMIME
                   	                  250-SIZE 10485760
                   	                  250-STARTTLS
                   	                  250-AUTH PLAIN LOGIN
                   	                  250 Ok
2016-04-12 20:08:24	CLIENT -> SERVER: STARTTLS
2016-04-12 20:08:24	SMTP -> get_lines(): $data is ""
2016-04-12 20:08:24	SMTP -> get_lines(): $str is  "220 Ready to start TLS
                   	                  "
2016-04-12 20:08:24	SERVER -> CLIENT: 220 Ready to start TLS
2016-04-12 20:08:24	Auth method requested: UNKNOWN
2016-04-12 20:08:24	Auth methods available on the server: PLAIN,LOGIN
2016-04-12 20:08:24	Auth method selected: LOGIN
2016-04-12 20:08:24	CLIENT -> SERVER: AUTH LOGIN
2016-04-12 20:08:24	SMTP -> get_lines(): $data is ""
2016-04-12 20:08:24	SMTP -> get_lines(): $str is  "334 VXNlcm5hbWU6
                   	                  "
2016-04-12 20:08:24	SERVER -> CLIENT: 334 VXNlcm5hbWU6
2016-04-12 20:08:24	CLIENT -> SERVER: QUtJQUlaVDVCWUJNUEpWV0pIM0E=
2016-04-12 20:08:24	SMTP -> get_lines(): $data is ""
2016-04-12 20:08:24	SMTP -> get_lines(): $str is  "334 UGFzc3dvcmQ6
                   	                  "
2016-04-12 20:08:24	SERVER -> CLIENT: 334 UGFzc3dvcmQ6
2016-04-12 20:08:24	CLIENT -> SERVER: QWhVZ0hWR3JmeWkwWEVyT3dNR0JEd3dKem9WbG9wNzdweThBVU5IWUpTY0o=
2016-04-12 20:08:24	SMTP -> get_lines(): $data is ""
2016-04-12 20:08:24	SMTP -> get_lines(): $str is  "235 Authentication successful.
                   	                  "
2016-04-12 20:08:24	SERVER -> CLIENT: 235 Authentication successful.
2016-04-12 20:08:24	CLIENT -> SERVER: MAIL FROM:<mailer@tickets.burningflipside.com>
2016-04-12 20:08:24	SMTP -> get_lines(): $data is ""
2016-04-12 20:08:24	SMTP -> get_lines(): $str is  "250 Ok
                   	                  "
2016-04-12 20:08:24	SERVER -> CLIENT: 250 Ok
2016-04-12 20:08:24	CLIENT -> SERVER: RCPT TO:<pboyd04@gmail.com>
2016-04-12 20:08:25	SMTP -> get_lines(): $data is ""
2016-04-12 20:08:25	SMTP -> get_lines(): $str is  "250 Ok
                   	                  "
2016-04-12 20:08:25	SERVER -> CLIENT: 250 Ok
2016-04-12 20:08:25	CLIENT -> SERVER: DATA
2016-04-12 20:08:25	SMTP -> get_lines(): $data is ""
2016-04-12 20:08:25	SMTP -> get_lines(): $str is  "354 End data with <CR><LF>.<CR><LF>
                   	                  "
2016-04-12 20:08:25	SERVER -> CLIENT: 354 End data with <CR><LF>.<CR><LF>
2016-04-12 20:08:25	CLIENT -> SERVER: X-Original-To: pboyd04@gmail.com
2016-04-12 20:08:25	CLIENT -> SERVER: Delivered-To: mailer@profiles.burningflipside.com
2016-04-12 20:08:25	CLIENT -> SERVER: Return-Path: mailer@profiles.burningflipside.com
2016-04-12 20:08:25	CLIENT -> SERVER: From: BurningFlipside Mailer On Behalf Of n-Path: Patrick_Boyd@dell.com
2016-04-12 20:08:25	CLIENT -> SERVER: Reply-To: n-Path: <Patrick_Boyd@dell.com>
2016-04-12 20:08:25	CLIENT -> SERVER: Received: from ausxippc101.us.dell.com (ausxippc101.us.dell.com [143.166.85.207])
2016-04-12 20:08:25	CLIENT -> SERVER:  by inbound-smtp.us-west-2.amazonaws.com with SMTP id 4nei395pts9q8npp926kahjrs81mnq1ltb5lgpg1
2016-04-12 20:08:25	CLIENT -> SERVER:  for pboyd@tickets.burningflipside.com;
2016-04-12 20:08:25	CLIENT -> SERVER:  Tue, 12 Apr 2016 20:08:22 +0000 (UTC)
2016-04-12 20:08:25	CLIENT -> SERVER: X-SES-Spam-Verdict: PASS
2016-04-12 20:08:25	CLIENT -> SERVER: X-SES-Virus-Verdict: PASS
2016-04-12 20:08:25	CLIENT -> SERVER: Received-SPF: pass (spfCheck: domain of dell.com designates 143.166.85.207 as permitted sender) client-ip=143.166.85.207; envelope-from=Patrick_Boyd@dell.com; helo=ausxippc101.us.dell.com;
2016-04-12 20:08:25	CLIENT -> SERVER: Authentication-Results: amazonses.com;
2016-04-12 20:08:25	CLIENT -> SERVER:  spf=pass (spfCheck: domain of dell.com designates 143.166.85.207 as permitted sender) client-ip=143.166.85.207; envelope-from=Patrick_Boyd@dell.com; helo=ausxippc101.us.dell.com;
2016-04-12 20:08:25	CLIENT -> SERVER:  dkim=pass header.i=@dell.com;
2016-04-12 20:08:25	CLIENT -> SERVER: DomainKey-Signature: s=smtpout; d=dell.com; c=nofws; q=dns;
2016-04-12 20:08:25	CLIENT -> SERVER:   h=X-LoopCount0:X-IronPort-AV:From:To:Subject:Thread-Topic:
2016-04-12 20:08:25	CLIENT -> SERVER:    Thread-Index:Date:Message-ID:Accept-Language:
2016-04-12 20:08:25	CLIENT -> SERVER:    Content-Language:X-MS-Has-Attach:X-MS-TNEF-Correlator:
2016-04-12 20:08:25	CLIENT -> SERVER:    x-tituslabs-classifications-30:x-titusconfig:
2016-04-12 20:08:25	CLIENT -> SERVER:    x-tituslabs-classificationhash-30:x-titus-metadata-40:
2016-04-12 20:08:25	CLIENT -> SERVER:    x-ms-exchange-transport-fromentityheader:x-originating-ip:
2016-04-12 20:08:25	CLIENT -> SERVER:    Content-Type:MIME-Version:Return-Path;
2016-04-12 20:08:25	CLIENT -> SERVER:   b=zuv45YPsxYaffcjPem+kygcbAuGyryXqojogEIt5X1j+Lkyo62dQdOlo
2016-04-12 20:08:25	CLIENT -> SERVER:    aTq4MjjRnJ62vAx68ZZNNVsXlj3dd94weyQ0t5KLStFWDqCHSD+MkVMph
2016-04-12 20:08:25	CLIENT -> SERVER:    o1TYrJMylFD4usrb4mnx0UaiuixGD8sNzzC1C5kgiG1GnM4bnmLbJZryj
2016-04-12 20:08:25	CLIENT -> SERVER:    w=;
2016-04-12 20:08:25	CLIENT -> SERVER: DKIM-Signature: v=1; a=rsa-sha256; c=simple/simple;
2016-04-12 20:08:25	CLIENT -> SERVER:   d=dell.com; i=@dell.com; q=dns/txt; s=smtpout;
2016-04-12 20:08:25	CLIENT -> SERVER:   t=1460491702; x=1492027702;
2016-04-12 20:08:25	CLIENT -> SERVER:   h=from:to:subject:date:message-id:mime-version;
2016-04-12 20:08:25	CLIENT -> SERVER:   bh=Anuzj18J0fruJh6dTnusibxxC++g3kyxqWqRghQ7t30=;
2016-04-12 20:08:25	CLIENT -> SERVER:   b=wtlh2xnW8DjgpkiN83S2intakEqTC5+GptM0PCMdGVb97T3reERVgIDt
2016-04-12 20:08:25	CLIENT -> SERVER:    /42xOoOkgTxWguPQvt8005H5HdoWdkPus8qXB7EdG8RpuEAWSbKGnz52A
2016-04-12 20:08:25	CLIENT -> SERVER:    +fhXs3AF7hAkGNpAmuXGmsz6T9Ut00JGu5a//dPFs2yhazNMKfRAtDCIg
2016-04-12 20:08:25	CLIENT -> SERVER:    Q=;
2016-04-12 20:08:25	CLIENT -> SERVER: X-LoopCount0: from 10.170.28.41
2016-04-12 20:08:25	CLIENT -> SERVER: X-IronPort-AV: E=Sophos;i="5.24,475,1454997600";
2016-04-12 20:08:25	CLIENT -> SERVER:    d="scan'208,217";a="786501088"
2016-04-12 20:08:25	CLIENT -> SERVER: From: <Patrick_Boyd@Dell.com>
2016-04-12 20:08:25	CLIENT -> SERVER: To: <pboyd@tickets.burningflipside.com>
2016-04-12 20:08:25	CLIENT -> SERVER: Subject: Test 10
2016-04-12 20:08:25	CLIENT -> SERVER: Thread-Topic: Test 10
2016-04-12 20:08:25	CLIENT -> SERVER: Thread-Index: AdGU9waJedGYflDmStar4pe3ZLALLQ==
2016-04-12 20:08:25	CLIENT -> SERVER: Date: Tue, 12 Apr 2016 20:08:19 +0000
2016-04-12 20:08:25	CLIENT -> SERVER: Message-ID: <09330c2c136f4f1ca3ec94bcf22e0bfc@ausx13mpc115.AMER.DELL.COM>
2016-04-12 20:08:25	CLIENT -> SERVER: Accept-Language: en-US
2016-04-12 20:08:25	CLIENT -> SERVER: Content-Language: en-US
2016-04-12 20:08:25	CLIENT -> SERVER: X-MS-Has-Attach:
2016-04-12 20:08:25	CLIENT -> SERVER: X-MS-TNEF-Correlator:
2016-04-12 20:08:25	CLIENT -> SERVER: x-tituslabs-classifications-30: TLPropertyRoot=Dell;Classification=Internal
2016-04-12 20:08:25	CLIENT -> SERVER:  Use;ExternalCorrespondence=No;
2016-04-12 20:08:25	CLIENT -> SERVER: x-titusconfig: 0.6CorpGlobal
2016-04-12 20:08:25	CLIENT -> SERVER: x-tituslabs-classificationhash-30: WKDGp7co52bOY5xzjcSTnuouG1x1p2En+LvGfbpVWgjP8mcKnBaklNWUmwNjPC3A5U5iF1u9ccuJK4j29HRqc/4uyxw8zxoRma2jnMt8L1utHxb8idK07Aw/rXp3nwOo6vI4qOk1TWcc0cm6BuYxathxhQLOMOAOOYtMhiKOZTMzkUa4NxzvvwQuwrKVN8ryq1bV/8rI1qQ=
2016-04-12 20:08:25	CLIENT -> SERVER: x-titus-metadata-40: eyJDYXRlZ29yeUxhYmVscyI6IiIsIk1ldGFkYXRhIjp7Im5zIjoiaHR0cDpcL1wvd3d3LnRpdHVzLmNvbVwvbnNcL1RvbnkgQVdTIChDdXN0b21lciBTZXJ2aWNlKSIsImlkIjoiYzQyMzE1ZTctNzUyMy00ZTQ2LWEzM2YtYzEyMWViY2M0YzJjIiwicHJvcHMiOlt7Im4iOiJDbGFzc2lmaWNhdGlvbiIsInZhbHMiOlt7InZhbHVlIjoiSW50ZXJuYWwgVXNlIn1dfSx7Im4iOiJTdWJsYWJlbHMiLCJ2YWxzIjpbXX0seyJuIjoiRXh0ZXJuYWxDb3JyZXNwb25kZW5jZSIsInZhbHMiOlt7InZhbHVlIjoiTm8ifV19XX0sIlN1YmplY3RMYWJlbHMiOltdLCJUTUNWZXJzaW9uIjoiMTUuOS43LjAiLCJUcnVzdGVkTGFiZWxIYXNoIjoiUFJlR29wYzFGYTZxMmxUT3FIZFV6MjZqeDRiTlJJUFwvZ0t0UGIwcVZSNXM9In0=
2016-04-12 20:08:25	CLIENT -> SERVER: x-ms-exchange-transport-fromentityheader: Hosted
2016-04-12 20:08:25	CLIENT -> SERVER: x-originating-ip: [10.210.134.31]
2016-04-12 20:08:25	CLIENT -> SERVER: Content-Type: multipart/alternative;
2016-04-12 20:08:25	CLIENT -> SERVER: 	boundary="_000_09330c2c136f4f1ca3ec94bcf22e0bfcausx13mpc115AMERDELLCOM_"
2016-04-12 20:08:25	CLIENT -> SERVER: MIME-Version: 1.0
2016-04-12 20:08:25	CLIENT -> SERVER: From: BurningFlipside Mailer On Behalf Of n-Path: Patrick_Boyd@Dell.com
2016-04-12 20:08:25	CLIENT -> SERVER: Reply-To: n-Path: Patrick_Boyd@Dell.com
2016-04-12 20:08:25	CLIENT -> SERVER:
2016-04-12 20:08:25	CLIENT -> SERVER: --_000_09330c2c136f4f1ca3ec94bcf22e0bfcausx13mpc115AMERDELLCOM_
2016-04-12 20:08:25	CLIENT -> SERVER: Content-Type: text/plain; charset="us-ascii"
2016-04-12 20:08:25	CLIENT -> SERVER: Content-Transfer-Encoding: quoted-printable
2016-04-12 20:08:25	CLIENT -> SERVER:
2016-04-12 20:08:25	CLIENT -> SERVER: Dell - Internal Use - Confidential
2016-04-12 20:08:25	CLIENT -> SERVER: 10 9 8 7 6 5 4 3 2 1 Contact!
2016-04-12 20:08:25	CLIENT -> SERVER:
2016-04-12 20:08:25	CLIENT -> SERVER:
2016-04-12 20:08:25	CLIENT -> SERVER: --_000_09330c2c136f4f1ca3ec94bcf22e0bfcausx13mpc115AMERDELLCOM_
2016-04-12 20:08:25	CLIENT -> SERVER: Content-Type: text/html; charset="us-ascii"
2016-04-12 20:08:25	CLIENT -> SERVER: Content-Transfer-Encoding: quoted-printable
2016-04-12 20:08:25	CLIENT -> SERVER:
2016-04-12 20:08:25	CLIENT -> SERVER: <html xmlns:v=3D"urn:schemas-microsoft-com:vml" xmlns:o=3D"urn:schemas-micr=
2016-04-12 20:08:25	CLIENT -> SERVER: osoft-com:office:office" xmlns:w=3D"urn:schemas-microsoft-com:office:word" =
2016-04-12 20:08:25	CLIENT -> SERVER: xmlns:m=3D"http://schemas.microsoft.com/office/2004/12/omml" xmlns=3D"http:=
2016-04-12 20:08:25	CLIENT -> SERVER: //www.w3.org/TR/REC-html40">
2016-04-12 20:08:25	CLIENT -> SERVER: <head>
2016-04-12 20:08:25	CLIENT -> SERVER: <meta http-equiv=3D"Content-Type" content=3D"text/html; charset=3Dus-ascii"=
2016-04-12 20:08:25	CLIENT -> SERVER: >
2016-04-12 20:08:25	CLIENT -> SERVER: <meta name=3D"Generator" content=3D"Microsoft Word 15 (filtered medium)">
2016-04-12 20:08:25	CLIENT -> SERVER: <style><!--
2016-04-12 20:08:25	CLIENT -> SERVER: /* Font Definitions */
2016-04-12 20:08:25	CLIENT -> SERVER: @font-face
2016-04-12 20:08:25	CLIENT -> SERVER: 	{font-family:"Cambria Math";
2016-04-12 20:08:25	CLIENT -> SERVER: 	panose-1:2 4 5 3 5 4 6 3 2 4;}
2016-04-12 20:08:25	CLIENT -> SERVER: @font-face
2016-04-12 20:08:25	CLIENT -> SERVER: 	{font-family:Calibri;
2016-04-12 20:08:25	CLIENT -> SERVER: 	panose-1:2 15 5 2 2 2 4 3 2 4;}
2016-04-12 20:08:25	CLIENT -> SERVER: @font-face
2016-04-12 20:08:25	CLIENT -> SERVER: 	{font-family:"Trebuchet MS";
2016-04-12 20:08:25	CLIENT -> SERVER: 	panose-1:2 11 6 3 2 2 2 2 2 4;}
2016-04-12 20:08:25	CLIENT -> SERVER: /* Style Definitions */
2016-04-12 20:08:25	CLIENT -> SERVER: p.MsoNormal, li.MsoNormal, div.MsoNormal
2016-04-12 20:08:25	CLIENT -> SERVER: 	{margin:0in;
2016-04-12 20:08:25	CLIENT -> SERVER: 	margin-bottom:.0001pt;
2016-04-12 20:08:25	CLIENT -> SERVER: 	font-size:11.0pt;
2016-04-12 20:08:25	CLIENT -> SERVER: 	font-family:"Calibri",sans-serif;}
2016-04-12 20:08:25	CLIENT -> SERVER: a:link, span.MsoHyperlink
2016-04-12 20:08:25	CLIENT -> SERVER: 	{mso-style-priority:99;
2016-04-12 20:08:25	CLIENT -> SERVER: 	color:#0563C1;
2016-04-12 20:08:25	CLIENT -> SERVER: 	text-decoration:underline;}
2016-04-12 20:08:25	CLIENT -> SERVER: a:visited, span.MsoHyperlinkFollowed
2016-04-12 20:08:25	CLIENT -> SERVER: 	{mso-style-priority:99;
2016-04-12 20:08:25	CLIENT -> SERVER: 	color:#954F72;
2016-04-12 20:08:25	CLIENT -> SERVER: 	text-decoration:underline;}
2016-04-12 20:08:25	CLIENT -> SERVER: p
2016-04-12 20:08:25	CLIENT -> SERVER: 	{mso-style-priority:99;
2016-04-12 20:08:25	CLIENT -> SERVER: 	mso-margin-top-alt:auto;
2016-04-12 20:08:25	CLIENT -> SERVER: 	margin-right:0in;
2016-04-12 20:08:25	CLIENT -> SERVER: 	mso-margin-bottom-alt:auto;
2016-04-12 20:08:25	CLIENT -> SERVER: 	margin-left:0in;
2016-04-12 20:08:25	CLIENT -> SERVER: 	font-size:12.0pt;
2016-04-12 20:08:25	CLIENT -> SERVER: 	font-family:"Times New Roman",serif;}
2016-04-12 20:08:25	CLIENT -> SERVER: span.EmailStyle17
2016-04-12 20:08:25	CLIENT -> SERVER: 	{mso-style-type:personal-compose;
2016-04-12 20:08:25	CLIENT -> SERVER: 	font-family:"Calibri",sans-serif;
2016-04-12 20:08:25	CLIENT -> SERVER: 	color:windowtext;}
2016-04-12 20:08:25	CLIENT -> SERVER: ..MsoChpDefault
2016-04-12 20:08:25	CLIENT -> SERVER: 	{mso-style-type:export-only;
2016-04-12 20:08:25	CLIENT -> SERVER: 	font-family:"Calibri",sans-serif;}
2016-04-12 20:08:25	CLIENT -> SERVER: @page WordSection1
2016-04-12 20:08:25	CLIENT -> SERVER: 	{size:8.5in 11.0in;
2016-04-12 20:08:25	CLIENT -> SERVER: 	margin:1.0in 1.0in 1.0in 1.0in;}
2016-04-12 20:08:25	CLIENT -> SERVER: div.WordSection1
2016-04-12 20:08:25	CLIENT -> SERVER: 	{page:WordSection1;}
2016-04-12 20:08:25	CLIENT -> SERVER: --></style><!--[if gte mso 9]><xml>
2016-04-12 20:08:25	CLIENT -> SERVER: <o:shapedefaults v:ext=3D"edit" spidmax=3D"1026" />
2016-04-12 20:08:25	CLIENT -> SERVER: </xml><![endif]--><!--[if gte mso 9]><xml>
2016-04-12 20:08:25	CLIENT -> SERVER: <o:shapelayout v:ext=3D"edit">
2016-04-12 20:08:25	CLIENT -> SERVER: <o:idmap v:ext=3D"edit" data=3D"1" />
2016-04-12 20:08:25	CLIENT -> SERVER: </o:shapelayout></xml><![endif]-->
2016-04-12 20:08:25	CLIENT -> SERVER: </head>
2016-04-12 20:08:25	CLIENT -> SERVER: <body lang=3D"EN-US" link=3D"#0563C1" vlink=3D"#954F72">
2016-04-12 20:08:25	CLIENT -> SERVER: <div class=3D"WordSection1">
2016-04-12 20:08:25	CLIENT -> SERVER: <p><b><span style=3D"font-size:9.0pt;font-family:&quot;Trebuchet MS&quot;,s=
2016-04-12 20:08:25	CLIENT -> SERVER: ans-serif;color:#AAAAAA">Dell - Internal Use - Confidential
2016-04-12 20:08:25	CLIENT -> SERVER: </span></b><span style=3D"font-size:9.0pt;font-family:&quot;Trebuchet MS&qu=
2016-04-12 20:08:25	CLIENT -> SERVER: ot;,sans-serif;color:#AAAAAA"><o:p></o:p></span></p>
2016-04-12 20:08:25	CLIENT -> SERVER: <p class=3D"MsoNormal">10 9 8 7 6 5 4 3 2 1 Contact!<o:p></o:p></p>
2016-04-12 20:08:25	CLIENT -> SERVER: <p class=3D"MsoNormal"><o:p>&nbsp;</o:p></p>
2016-04-12 20:08:25	CLIENT -> SERVER: </div>
2016-04-12 20:08:25	CLIENT -> SERVER: </body>
2016-04-12 20:08:25	CLIENT -> SERVER: </html>
2016-04-12 20:08:25	CLIENT -> SERVER:
2016-04-12 20:08:25	CLIENT -> SERVER: --_000_09330c2c136f4f1ca3ec94bcf22e0bfcausx13mpc115AMERDELLCOM_--
2016-04-12 20:08:25	CLIENT -> SERVER:
2016-04-12 20:08:25	CLIENT -> SERVER: .
2016-04-12 20:08:25	SMTP -> get_lines(): $data is ""
2016-04-12 20:08:25	SMTP -> get_lines(): $str is  "554 Transaction failed: Duplicate header 'From'.
                   	                  "
2016-04-12 20:08:25	SERVER -> CLIENT: 554 Transaction failed: Duplicate header 'From'.
2016-04-12 20:08:25	SMTP ERROR: DATA END command failed: 554 Transaction failed: Duplicate header 'From'.
Send = 
2016-04-12 20:08:25	CLIENT -> SERVER: QUIT
2016-04-12 20:08:25	SMTP -> get_lines(): $data is ""
2016-04-12 20:08:25	SMTP -> get_lines(): $str is  "221 Bye
                   	                  "
2016-04-12 20:08:25	SERVER -> CLIENT: 221 Bye
2016-04-12 20:08:25	Connection: closed
processListServMessage: Exited
